mode: set
github.com/pulsar-local-lab/perf-test/pkg/ratelimit/limiter.go:21.45,22.24 1 1
github.com/pulsar-local-lab/perf-test/pkg/ratelimit/limiter.go:22.24,24.3 1 1
github.com/pulsar-local-lab/perf-test/pkg/ratelimit/limiter.go:26.2,40.10 8 1
github.com/pulsar-local-lab/perf-test/pkg/ratelimit/limiter.go:44.51,45.6 1 1
github.com/pulsar-local-lab/perf-test/pkg/ratelimit/limiter.go:45.6,46.10 1 1
github.com/pulsar-local-lab/perf-test/pkg/ratelimit/limiter.go:47.21,48.20 1 0
github.com/pulsar-local-lab/perf-test/pkg/ratelimit/limiter.go:49.11,49.11 0 1
github.com/pulsar-local-lab/perf-test/pkg/ratelimit/limiter.go:52.3,52.21 1 1
github.com/pulsar-local-lab/perf-test/pkg/ratelimit/limiter.go:52.21,54.4 1 1
github.com/pulsar-local-lab/perf-test/pkg/ratelimit/limiter.go:57.3,57.10 1 1
github.com/pulsar-local-lab/perf-test/pkg/ratelimit/limiter.go:58.21,59.20 1 1
github.com/pulsar-local-lab/perf-test/pkg/ratelimit/limiter.go:60.39,60.39 0 1
github.com/pulsar-local-lab/perf-test/pkg/ratelimit/limiter.go:66.32,68.2 1 1
github.com/pulsar-local-lab/perf-test/pkg/ratelimit/limiter.go:71.37,72.6 1 1
github.com/pulsar-local-lab/perf-test/pkg/ratelimit/limiter.go:72.6,74.19 2 1
github.com/pulsar-local-lab/perf-test/pkg/ratelimit/limiter.go:74.19,76.4 1 1
github.com/pulsar-local-lab/perf-test/pkg/ratelimit/limiter.go:78.3,78.50 1 1
github.com/pulsar-local-lab/perf-test/pkg/ratelimit/limiter.go:78.50,80.4 1 1
github.com/pulsar-local-lab/perf-test/pkg/ratelimit/limiter.go:86.32,87.6 1 1
github.com/pulsar-local-lab/perf-test/pkg/ratelimit/limiter.go:87.6,88.10 1 1
github.com/pulsar-local-lab/perf-test/pkg/ratelimit/limiter.go:89.17,91.10 2 1
github.com/pulsar-local-lab/perf-test/pkg/ratelimit/limiter.go:92.21,93.14 1 1
github.com/pulsar-local-lab/perf-test/pkg/ratelimit/limiter.go:99.28,107.21 6 1
github.com/pulsar-local-lab/perf-test/pkg/ratelimit/limiter.go:107.21,109.7 2 1
github.com/pulsar-local-lab/perf-test/pkg/ratelimit/limiter.go:109.7,112.29 3 1
github.com/pulsar-local-lab/perf-test/pkg/ratelimit/limiter.go:112.29,114.5 1 1
github.com/pulsar-local-lab/perf-test/pkg/ratelimit/limiter.go:115.4,115.51 1 1
github.com/pulsar-local-lab/perf-test/pkg/ratelimit/limiter.go:115.51,117.10 2 1
github.com/pulsar-local-lab/perf-test/pkg/ratelimit/limiter.go:124.26,125.43 1 1
github.com/pulsar-local-lab/perf-test/pkg/ratelimit/limiter.go:125.43,127.3 1 1
github.com/pulsar-local-lab/perf-test/pkg/ratelimit/limiter.go:131.46,132.24 1 1
github.com/pulsar-local-lab/perf-test/pkg/ratelimit/limiter.go:132.24,134.3 1 1
github.com/pulsar-local-lab/perf-test/pkg/ratelimit/limiter.go:135.2,140.6 4 1
github.com/pulsar-local-lab/perf-test/pkg/ratelimit/limiter.go:140.6,142.22 2 1
github.com/pulsar-local-lab/perf-test/pkg/ratelimit/limiter.go:142.22,143.9 1 1
github.com/pulsar-local-lab/perf-test/pkg/ratelimit/limiter.go:145.3,145.45 1 1
github.com/pulsar-local-lab/perf-test/pkg/ratelimit/limiter.go:145.45,146.9 1 1
github.com/pulsar-local-lab/perf-test/pkg/ratelimit/limiter.go:152.33,154.2 1 1
github.com/pulsar-local-lab/perf-test/pkg/ratelimit/limiter.go:157.38,159.2 1 1
