mode: set
github.com/pulsar-local-lab/perf-test/internal/config/config.go:172.63,173.16 1 1
github.com/pulsar-local-lab/perf-test/internal/config/config.go:173.16,175.3 1 0
github.com/pulsar-local-lab/perf-test/internal/config/config.go:177.2,178.16 2 1
github.com/pulsar-local-lab/perf-test/internal/config/config.go:178.16,180.3 1 0
github.com/pulsar-local-lab/perf-test/internal/config/config.go:182.2,183.51 2 1
github.com/pulsar-local-lab/perf-test/internal/config/config.go:183.51,185.3 1 0
github.com/pulsar-local-lab/perf-test/internal/config/config.go:188.2,188.39 1 1
github.com/pulsar-local-lab/perf-test/internal/config/config.go:188.39,190.3 1 0
github.com/pulsar-local-lab/perf-test/internal/config/config.go:192.2,192.18 1 1
github.com/pulsar-local-lab/perf-test/internal/config/config.go:212.43,216.51 2 1
github.com/pulsar-local-lab/perf-test/internal/config/config.go:216.51,218.3 1 1
github.com/pulsar-local-lab/perf-test/internal/config/config.go:219.2,219.49 1 1
github.com/pulsar-local-lab/perf-test/internal/config/config.go:219.49,221.3 1 1
github.com/pulsar-local-lab/perf-test/internal/config/config.go:222.2,222.45 1 1
github.com/pulsar-local-lab/perf-test/internal/config/config.go:222.45,224.3 1 1
github.com/pulsar-local-lab/perf-test/internal/config/config.go:227.2,227.53 1 1
github.com/pulsar-local-lab/perf-test/internal/config/config.go:227.53,228.46 1 1
github.com/pulsar-local-lab/perf-test/internal/config/config.go:228.46,230.4 1 1
github.com/pulsar-local-lab/perf-test/internal/config/config.go:232.2,232.54 1 1
github.com/pulsar-local-lab/perf-test/internal/config/config.go:232.54,233.46 1 1
github.com/pulsar-local-lab/perf-test/internal/config/config.go:233.46,235.4 1 1
github.com/pulsar-local-lab/perf-test/internal/config/config.go:237.2,237.53 1 1
github.com/pulsar-local-lab/perf-test/internal/config/config.go:237.53,238.46 1 1
github.com/pulsar-local-lab/perf-test/internal/config/config.go:238.46,240.4 1 1
github.com/pulsar-local-lab/perf-test/internal/config/config.go:242.2,242.52 1 1
github.com/pulsar-local-lab/perf-test/internal/config/config.go:242.52,243.46 1 1
github.com/pulsar-local-lab/perf-test/internal/config/config.go:243.46,245.4 1 1
github.com/pulsar-local-lab/perf-test/internal/config/config.go:247.2,247.53 1 1
github.com/pulsar-local-lab/perf-test/internal/config/config.go:247.53,249.3 1 1
github.com/pulsar-local-lab/perf-test/internal/config/config.go:252.2,252.53 1 1
github.com/pulsar-local-lab/perf-test/internal/config/config.go:252.53,253.46 1 1
github.com/pulsar-local-lab/perf-test/internal/config/config.go:253.46,255.4 1 1
github.com/pulsar-local-lab/perf-test/internal/config/config.go:257.2,257.54 1 1
github.com/pulsar-local-lab/perf-test/internal/config/config.go:257.54,259.3 1 1
github.com/pulsar-local-lab/perf-test/internal/config/config.go:260.2,260.59 1 1
github.com/pulsar-local-lab/perf-test/internal/config/config.go:260.59,262.3 1 1
github.com/pulsar-local-lab/perf-test/internal/config/config.go:265.2,265.56 1 1
github.com/pulsar-local-lab/perf-test/internal/config/config.go:265.56,266.52 1 1
github.com/pulsar-local-lab/perf-test/internal/config/config.go:266.52,268.4 1 1
github.com/pulsar-local-lab/perf-test/internal/config/config.go:270.2,270.54 1 1
github.com/pulsar-local-lab/perf-test/internal/config/config.go:270.54,271.51 1 1
github.com/pulsar-local-lab/perf-test/internal/config/config.go:271.51,273.4 1 1
github.com/pulsar-local-lab/perf-test/internal/config/config.go:275.2,275.52 1 1
github.com/pulsar-local-lab/perf-test/internal/config/config.go:275.52,277.3 1 1
github.com/pulsar-local-lab/perf-test/internal/config/config.go:280.2,280.39 1 1
github.com/pulsar-local-lab/perf-test/internal/config/config.go:280.39,282.3 1 0
github.com/pulsar-local-lab/perf-test/internal/config/config.go:284.2,284.17 1 1
github.com/pulsar-local-lab/perf-test/internal/config/config.go:289.44,328.43 2 1
github.com/pulsar-local-lab/perf-test/internal/config/config.go:328.43,330.3 1 0
github.com/pulsar-local-lab/perf-test/internal/config/config.go:332.2,332.12 1 1
github.com/pulsar-local-lab/perf-test/internal/config/config.go:337.35,339.31 1 1
github.com/pulsar-local-lab/perf-test/internal/config/config.go:339.31,341.3 1 1
github.com/pulsar-local-lab/perf-test/internal/config/config.go:342.2,342.26 1 1
github.com/pulsar-local-lab/perf-test/internal/config/config.go:342.26,344.3 1 1
github.com/pulsar-local-lab/perf-test/internal/config/config.go:347.2,347.33 1 1
github.com/pulsar-local-lab/perf-test/internal/config/config.go:347.33,349.3 1 1
github.com/pulsar-local-lab/perf-test/internal/config/config.go:350.2,350.33 1 1
github.com/pulsar-local-lab/perf-test/internal/config/config.go:350.33,352.3 1 1
github.com/pulsar-local-lab/perf-test/internal/config/config.go:353.2,353.36 1 1
github.com/pulsar-local-lab/perf-test/internal/config/config.go:353.36,355.3 1 0
github.com/pulsar-local-lab/perf-test/internal/config/config.go:356.2,356.34 1 1
github.com/pulsar-local-lab/perf-test/internal/config/config.go:356.34,358.3 1 0
github.com/pulsar-local-lab/perf-test/internal/config/config.go:359.2,359.32 1 1
github.com/pulsar-local-lab/perf-test/internal/config/config.go:359.32,361.3 1 0
github.com/pulsar-local-lab/perf-test/internal/config/config.go:364.2,371.56 2 1
github.com/pulsar-local-lab/perf-test/internal/config/config.go:371.56,373.3 1 1
github.com/pulsar-local-lab/perf-test/internal/config/config.go:376.2,376.33 1 1
github.com/pulsar-local-lab/perf-test/internal/config/config.go:376.33,378.3 1 0
github.com/pulsar-local-lab/perf-test/internal/config/config.go:379.2,379.70 1 1
github.com/pulsar-local-lab/perf-test/internal/config/config.go:379.70,381.3 1 0
github.com/pulsar-local-lab/perf-test/internal/config/config.go:382.2,382.38 1 1
github.com/pulsar-local-lab/perf-test/internal/config/config.go:382.38,384.3 1 0
github.com/pulsar-local-lab/perf-test/internal/config/config.go:385.2,385.31 1 1
github.com/pulsar-local-lab/perf-test/internal/config/config.go:385.31,387.3 1 0
github.com/pulsar-local-lab/perf-test/internal/config/config.go:390.2,396.95 2 1
github.com/pulsar-local-lab/perf-test/internal/config/config.go:396.95,398.3 1 1
github.com/pulsar-local-lab/perf-test/internal/config/config.go:401.2,401.40 1 1
github.com/pulsar-local-lab/perf-test/internal/config/config.go:401.40,403.3 1 1
github.com/pulsar-local-lab/perf-test/internal/config/config.go:404.2,404.32 1 1
github.com/pulsar-local-lab/perf-test/internal/config/config.go:404.32,406.3 1 0
github.com/pulsar-local-lab/perf-test/internal/config/config.go:407.2,407.30 1 1
github.com/pulsar-local-lab/perf-test/internal/config/config.go:407.30,409.3 1 0
github.com/pulsar-local-lab/perf-test/internal/config/config.go:412.2,412.39 1 1
github.com/pulsar-local-lab/perf-test/internal/config/config.go:412.39,414.3 1 1
github.com/pulsar-local-lab/perf-test/internal/config/config.go:415.2,415.59 1 1
github.com/pulsar-local-lab/perf-test/internal/config/config.go:415.59,417.3 1 1
github.com/pulsar-local-lab/perf-test/internal/config/config.go:419.2,419.12 1 1
github.com/pulsar-local-lab/perf-test/internal/config/config.go:424.42,426.37 1 1
github.com/pulsar-local-lab/perf-test/internal/config/config.go:426.37,428.3 1 1
github.com/pulsar-local-lab/perf-test/internal/config/config.go:430.2,431.16 2 1
github.com/pulsar-local-lab/perf-test/internal/config/config.go:431.16,433.3 1 0
github.com/pulsar-local-lab/perf-test/internal/config/config.go:435.2,435.55 1 1
github.com/pulsar-local-lab/perf-test/internal/config/config.go:435.55,437.3 1 0
github.com/pulsar-local-lab/perf-test/internal/config/config.go:439.2,439.12 1 1
github.com/pulsar-local-lab/perf-test/internal/config/profiles.go:11.47,12.14 1 1
github.com/pulsar-local-lab/perf-test/internal/config/profiles.go:13.21,14.31 1 1
github.com/pulsar-local-lab/perf-test/internal/config/profiles.go:15.21,16.34 1 1
github.com/pulsar-local-lab/perf-test/internal/config/profiles.go:17.25,18.38 1 1
github.com/pulsar-local-lab/perf-test/internal/config/profiles.go:19.15,20.29 1 1
github.com/pulsar-local-lab/perf-test/internal/config/profiles.go:21.19,22.33 1 1
github.com/pulsar-local-lab/perf-test/internal/config/profiles.go:23.10,24.95 1 1
github.com/pulsar-local-lab/perf-test/internal/config/profiles.go:29.30,31.2 1 1
github.com/pulsar-local-lab/perf-test/internal/config/profiles.go:36.48,37.17 1 1
github.com/pulsar-local-lab/perf-test/internal/config/profiles.go:38.21,39.30 1 1
github.com/pulsar-local-lab/perf-test/internal/config/profiles.go:40.25,41.34 1 0
github.com/pulsar-local-lab/perf-test/internal/config/profiles.go:42.15,43.25 1 0
github.com/pulsar-local-lab/perf-test/internal/config/profiles.go:44.19,45.29 1 0
github.com/pulsar-local-lab/perf-test/internal/config/profiles.go:46.10,46.10 0 1
github.com/pulsar-local-lab/perf-test/internal/config/profiles.go:53.31,55.2 1 1
github.com/pulsar-local-lab/perf-test/internal/config/profiles.go:65.34,69.2 3 1
github.com/pulsar-local-lab/perf-test/internal/config/profiles.go:79.38,83.2 3 1
github.com/pulsar-local-lab/perf-test/internal/config/profiles.go:93.29,97.2 3 1
github.com/pulsar-local-lab/perf-test/internal/config/profiles.go:107.33,111.2 3 1
github.com/pulsar-local-lab/perf-test/internal/config/profiles.go:114.42,133.2 11 1
github.com/pulsar-local-lab/perf-test/internal/config/profiles.go:136.46,156.2 12 1
github.com/pulsar-local-lab/perf-test/internal/config/profiles.go:159.37,179.2 12 1
github.com/pulsar-local-lab/perf-test/internal/config/profiles.go:182.41,203.2 13 1
github.com/pulsar-local-lab/perf-test/internal/config/profiles.go:206.38,214.2 1 1
github.com/pulsar-local-lab/perf-test/internal/config/profiles.go:217.51,226.2 2 1
