mode: set
github.com/pulsar-local-lab/perf-test/internal/metrics/collector.go:32.58,41.2 4 1
github.com/pulsar-local-lab/perf-test/internal/metrics/collector.go:44.66,49.2 4 1
github.com/pulsar-local-lab/perf-test/internal/metrics/collector.go:52.46,56.2 3 1
github.com/pulsar-local-lab/perf-test/internal/metrics/collector.go:59.33,61.2 1 1
github.com/pulsar-local-lab/perf-test/internal/metrics/collector.go:64.37,66.2 1 1
github.com/pulsar-local-lab/perf-test/internal/metrics/collector.go:69.44,86.2 4 1
github.com/pulsar-local-lab/perf-test/internal/metrics/collector.go:89.29,99.2 9 1
github.com/pulsar-local-lab/perf-test/internal/metrics/collector.go:116.41,118.18 2 1
github.com/pulsar-local-lab/perf-test/internal/metrics/collector.go:118.18,120.3 1 1
github.com/pulsar-local-lab/perf-test/internal/metrics/collector.go:121.2,121.42 1 1
github.com/pulsar-local-lab/perf-test/internal/metrics/collector.go:125.44,127.18 2 1
github.com/pulsar-local-lab/perf-test/internal/metrics/collector.go:127.18,129.3 1 1
github.com/pulsar-local-lab/perf-test/internal/metrics/collector.go:130.2,130.53 1 1
github.com/pulsar-local-lab/perf-test/internal/metrics/exporter.go:18.61,23.2 1 1
github.com/pulsar-local-lab/perf-test/internal/metrics/exporter.go:26.52,27.16 1 1
github.com/pulsar-local-lab/perf-test/internal/metrics/exporter.go:27.16,29.3 1 1
github.com/pulsar-local-lab/perf-test/internal/metrics/exporter.go:32.2,32.56 1 1
github.com/pulsar-local-lab/perf-test/internal/metrics/exporter.go:32.56,34.3 1 0
github.com/pulsar-local-lab/perf-test/internal/metrics/exporter.go:37.2,42.16 4 1
github.com/pulsar-local-lab/perf-test/internal/metrics/exporter.go:42.16,44.3 1 0
github.com/pulsar-local-lab/perf-test/internal/metrics/exporter.go:47.2,47.59 1 1
github.com/pulsar-local-lab/perf-test/internal/metrics/exporter.go:47.59,49.3 1 0
github.com/pulsar-local-lab/perf-test/internal/metrics/exporter.go:51.2,51.12 1 1
github.com/pulsar-local-lab/perf-test/internal/metrics/exporter.go:55.58,56.16 1 1
github.com/pulsar-local-lab/perf-test/internal/metrics/exporter.go:56.16,58.3 1 1
github.com/pulsar-local-lab/perf-test/internal/metrics/exporter.go:61.2,61.56 1 1
github.com/pulsar-local-lab/perf-test/internal/metrics/exporter.go:61.56,63.3 1 0
github.com/pulsar-local-lab/perf-test/internal/metrics/exporter.go:66.2,71.16 4 1
github.com/pulsar-local-lab/perf-test/internal/metrics/exporter.go:71.16,73.3 1 0
github.com/pulsar-local-lab/perf-test/internal/metrics/exporter.go:74.2,80.52 3 1
github.com/pulsar-local-lab/perf-test/internal/metrics/exporter.go:80.52,82.3 1 0
github.com/pulsar-local-lab/perf-test/internal/metrics/exporter.go:85.2,85.37 1 1
github.com/pulsar-local-lab/perf-test/internal/metrics/exporter.go:85.37,104.50 2 1
github.com/pulsar-local-lab/perf-test/internal/metrics/exporter.go:104.50,106.4 1 0
github.com/pulsar-local-lab/perf-test/internal/metrics/exporter.go:109.2,109.12 1 1
github.com/pulsar-local-lab/perf-test/internal/metrics/histogram.go:22.49,35.2 4 1
github.com/pulsar-local-lab/perf-test/internal/metrics/histogram.go:38.44,46.19 6 1
github.com/pulsar-local-lab/perf-test/internal/metrics/histogram.go:46.19,48.3 1 1
github.com/pulsar-local-lab/perf-test/internal/metrics/histogram.go:49.2,49.19 1 1
github.com/pulsar-local-lab/perf-test/internal/metrics/histogram.go:49.19,51.3 1 1
github.com/pulsar-local-lab/perf-test/internal/metrics/histogram.go:54.2,55.20 2 1
github.com/pulsar-local-lab/perf-test/internal/metrics/histogram.go:59.45,63.18 3 1
github.com/pulsar-local-lab/perf-test/internal/metrics/histogram.go:63.18,65.3 1 1
github.com/pulsar-local-lab/perf-test/internal/metrics/histogram.go:68.2,81.3 4 1
github.com/pulsar-local-lab/perf-test/internal/metrics/histogram.go:85.29,89.26 3 1
github.com/pulsar-local-lab/perf-test/internal/metrics/histogram.go:89.26,91.3 1 1
github.com/pulsar-local-lab/perf-test/internal/metrics/histogram.go:92.2,96.11 5 1
github.com/pulsar-local-lab/perf-test/internal/metrics/histogram.go:112.54,113.22 1 1
github.com/pulsar-local-lab/perf-test/internal/metrics/histogram.go:113.22,115.3 1 1
github.com/pulsar-local-lab/perf-test/internal/metrics/histogram.go:116.2,116.22 1 1
github.com/pulsar-local-lab/perf-test/internal/metrics/histogram.go:116.22,118.3 1 1
github.com/pulsar-local-lab/perf-test/internal/metrics/histogram.go:120.2,124.20 4 1
github.com/pulsar-local-lab/perf-test/internal/metrics/histogram.go:124.20,126.3 1 1
github.com/pulsar-local-lab/perf-test/internal/metrics/histogram.go:129.2,130.56 2 1
github.com/pulsar-local-lab/perf-test/internal/metrics/throughput.go:20.48,26.2 1 1
github.com/pulsar-local-lab/perf-test/internal/metrics/throughput.go:29.42,34.2 3 1
github.com/pulsar-local-lab/perf-test/internal/metrics/throughput.go:37.45,42.2 3 1
github.com/pulsar-local-lab/perf-test/internal/metrics/throughput.go:45.56,64.2 8 1
github.com/pulsar-local-lab/perf-test/internal/metrics/throughput.go:67.37,73.2 4 1
github.com/pulsar-local-lab/perf-test/internal/metrics/throughput.go:83.70,85.44 2 1
github.com/pulsar-local-lab/perf-test/internal/metrics/throughput.go:85.44,86.62 1 1
github.com/pulsar-local-lab/perf-test/internal/metrics/throughput.go:86.62,88.4 1 1
github.com/pulsar-local-lab/perf-test/internal/metrics/throughput.go:88.9,88.41 1 1
github.com/pulsar-local-lab/perf-test/internal/metrics/throughput.go:88.41,89.9 1 1
github.com/pulsar-local-lab/perf-test/internal/metrics/throughput.go:92.2,92.14 1 1
